[0m12:24:10.188446 [debug] [MainThread]: Sending event: {'category': 'dbt', 'action': 'invocation', 'label': 'start', 'context': [<snowplow_tracker.self_describing_json.SelfDescribingJson object at 0x1066ae900>, <snowplow_tracker.self_describing_json.SelfDescribingJson object at 0x107b2f9d0>, <snowplow_tracker.self_describing_json.SelfDescribingJson object at 0x107b2fc50>]}


============================== 12:24:10.191105 | a7649905-405e-43f1-9edb-da2cce09b139 ==============================
[0m12:24:10.191105 [info ] [MainThread]: Running with dbt=1.11.0-b3
[0m12:24:10.191378 [debug] [MainThread]: running dbt with arguments {'use_experimental_parser': 'False', 'quiet': 'False', 'fail_fast': 'False', 'no_print': 'None', 'warn_error': 'None', 'indirect_selection': 'eager', 'introspect': 'True', 'static_parser': 'True', 'version_check': 'True', 'empty': 'None', 'invocation_command': 'dbt clean', 'partial_parse': 'True', 'log_format': 'default', 'use_colors': 'True', 'log_cache_events': 'False', 'debug': 'False', 'profiles_dir': '/Users/snehasingh/Desktop/airflow-docker/dbt', 'printer_width': '80', 'target_path': 'None', 'warn_error_options': 'WarnErrorOptionsV2(error=[], warn=[], silence=[])', 'log_path': 'logs', 'send_anonymous_usage_stats': 'True', 'write_json': 'True', 'cache_selected_only': 'False'}
[0m12:24:10.191747 [error] [MainThread]: Encountered an error:
Runtime Error
  No dbt_project.yml found at expected path /Users/snehasingh/Desktop/airflow-docker/dbt/dbt_project.yml
  Verify that each entry within packages.yml (and their transitive dependencies) contains a file named dbt_project.yml
  
[0m12:24:10.192869 [debug] [MainThread]: Resource report: {"command_name": "clean", "command_success": false, "command_wall_clock_time": 0.042049874, "process_in_blocks": "0", "process_kernel_time": 0.10109, "process_mem_max_rss": "112771072", "process_out_blocks": "0", "process_user_time": 0.500799}
[0m12:24:10.193027 [debug] [MainThread]: Command `dbt clean` failed at 12:24:10.192990 after 0.04 seconds
[0m12:24:10.193155 [debug] [MainThread]: Sending event: {'category': 'dbt', 'action': 'invocation', 'label': 'end', 'context': [<snowplow_tracker.self_describing_json.SelfDescribingJson object at 0x107b889d0>, <snowplow_tracker.self_describing_json.SelfDescribingJson object at 0x107b62330>, <snowplow_tracker.self_describing_json.SelfDescribingJson object at 0x1079b29c0>]}
[0m12:24:10.193271 [debug] [MainThread]: Flushing usage events
[0m12:24:10.585021 [debug] [MainThread]: An error was encountered while trying to flush usage events
[0m23:09:28.203018 [debug] [MainThread]: Sending event: {'category': 'dbt', 'action': 'invocation', 'label': 'start', 'context': [<snowplow_tracker.self_describing_json.SelfDescribingJson object at 0x107f9e900>, <snowplow_tracker.self_describing_json.SelfDescribingJson object at 0x122c339d0>, <snowplow_tracker.self_describing_json.SelfDescribingJson object at 0x122c33c50>]}


============================== 23:09:28.205526 | 7cab9838-73f2-4621-8a9c-31c5c537795b ==============================
[0m23:09:28.205526 [info ] [MainThread]: Running with dbt=1.11.0-b3
[0m23:09:28.205792 [debug] [MainThread]: running dbt with arguments {'printer_width': '80', 'warn_error': 'None', 'version_check': 'True', 'cache_selected_only': 'False', 'send_anonymous_usage_stats': 'True', 'no_print': 'None', 'warn_error_options': 'WarnErrorOptionsV2(error=[], warn=[], silence=[])', 'fail_fast': 'False', 'static_parser': 'True', 'log_path': 'logs', 'invocation_command': 'dbt test', 'debug': 'False', 'indirect_selection': 'eager', 'use_colors': 'True', 'log_cache_events': 'False', 'target_path': 'None', 'quiet': 'False', 'partial_parse': 'True', 'profiles_dir': '/Users/snehasingh/Desktop/airflow-docker/dbt', 'introspect': 'True', 'log_format': 'default', 'write_json': 'True', 'use_experimental_parser': 'False', 'empty': 'None'}
[0m23:09:28.206042 [error] [MainThread]: Encountered an error:
Runtime Error
  No dbt_project.yml found at expected path /Users/snehasingh/Desktop/airflow-docker/dbt/dbt_project.yml
  Verify that each entry within packages.yml (and their transitive dependencies) contains a file named dbt_project.yml
  
[0m23:09:28.207454 [debug] [MainThread]: Resource report: {"command_name": "test", "command_success": false, "command_wall_clock_time": 0.033377834, "process_in_blocks": "0", "process_kernel_time": 0.101867, "process_mem_max_rss": "113328128", "process_out_blocks": "0", "process_user_time": 0.465436}
[0m23:09:28.207608 [debug] [MainThread]: Command `dbt test` failed at 23:09:28.207576 after 0.03 seconds
[0m23:09:28.207722 [debug] [MainThread]: Sending event: {'category': 'dbt', 'action': 'invocation', 'label': 'end', 'context': [<snowplow_tracker.self_describing_json.SelfDescribingJson object at 0x122c909d0>, <snowplow_tracker.self_describing_json.SelfDescribingJson object at 0x122c66330>, <snowplow_tracker.self_describing_json.SelfDescribingJson object at 0x1229ae8b0>]}
[0m23:09:28.207831 [debug] [MainThread]: Flushing usage events
[0m23:09:28.644415 [debug] [MainThread]: An error was encountered while trying to flush usage events
[0m23:09:57.268858 [debug] [MainThread]: Sending event: {'category': 'dbt', 'action': 'invocation', 'label': 'start', 'context': [<snowplow_tracker.self_describing_json.SelfDescribingJson object at 0x104482900>, <snowplow_tracker.self_describing_json.SelfDescribingJson object at 0x1058e79d0>, <snowplow_tracker.self_describing_json.SelfDescribingJson object at 0x1058e7c50>]}


============================== 23:09:57.271108 | 384dab3c-be84-46b8-b05e-963d4d97f240 ==============================
[0m23:09:57.271108 [info ] [MainThread]: Running with dbt=1.11.0-b3
[0m23:09:57.271367 [debug] [MainThread]: running dbt with arguments {'no_print': 'None', 'target_path': 'None', 'use_colors': 'True', 'profiles_dir': '/Users/snehasingh/Desktop/airflow-docker/dbt', 'introspect': 'True', 'write_json': 'True', 'static_parser': 'True', 'warn_error': 'None', 'quiet': 'False', 'partial_parse': 'True', 'send_anonymous_usage_stats': 'True', 'use_experimental_parser': 'False', 'empty': 'None', 'log_cache_events': 'False', 'printer_width': '80', 'cache_selected_only': 'False', 'log_format': 'default', 'invocation_command': 'dbt clean', 'warn_error_options': 'WarnErrorOptionsV2(error=[], warn=[], silence=[])', 'debug': 'False', 'log_path': 'logs', 'version_check': 'True', 'fail_fast': 'False', 'indirect_selection': 'eager'}
[0m23:09:57.271705 [error] [MainThread]: Encountered an error:
Runtime Error
  No dbt_project.yml found at expected path /Users/snehasingh/Desktop/airflow-docker/dbt/dbt_project.yml
  Verify that each entry within packages.yml (and their transitive dependencies) contains a file named dbt_project.yml
  
[0m23:09:57.273106 [debug] [MainThread]: Resource report: {"command_name": "clean", "command_success": false, "command_wall_clock_time": 0.029995168, "process_in_blocks": "0", "process_kernel_time": 0.09528, "process_mem_max_rss": "112197632", "process_out_blocks": "0", "process_user_time": 0.474137}
[0m23:09:57.273265 [debug] [MainThread]: Command `dbt clean` failed at 23:09:57.273231 after 0.03 seconds
[0m23:09:57.273382 [debug] [MainThread]: Sending event: {'category': 'dbt', 'action': 'invocation', 'label': 'end', 'context': [<snowplow_tracker.self_describing_json.SelfDescribingJson object at 0x1059489d0>, <snowplow_tracker.self_describing_json.SelfDescribingJson object at 0x10591a330>, <snowplow_tracker.self_describing_json.SelfDescribingJson object at 0x1057669c0>]}
[0m23:09:57.273491 [debug] [MainThread]: Flushing usage events
[0m23:09:57.639149 [debug] [MainThread]: An error was encountered while trying to flush usage events
[0m23:12:52.038448 [debug] [MainThread]: Sending event: {'category': 'dbt', 'action': 'invocation', 'label': 'start', 'context': [<snowplow_tracker.self_describing_json.SelfDescribingJson object at 0x1041c2900>, <snowplow_tracker.self_describing_json.SelfDescribingJson object at 0x1056239d0>, <snowplow_tracker.self_describing_json.SelfDescribingJson object at 0x105623c50>]}


============================== 23:12:52.040885 | b7792980-6d05-4b66-a4a8-6caa46b07c1b ==============================
[0m23:12:52.040885 [info ] [MainThread]: Running with dbt=1.11.0-b3
[0m23:12:52.041143 [debug] [MainThread]: running dbt with arguments {'target_path': 'None', 'write_json': 'True', 'no_print': 'None', 'profiles_dir': '/Users/snehasingh/Desktop/airflow-docker/dbt', 'empty': 'None', 'log_cache_events': 'False', 'log_format': 'default', 'cache_selected_only': 'False', 'quiet': 'False', 'invocation_command': 'dbt clean', 'warn_error': 'None', 'warn_error_options': 'WarnErrorOptionsV2(error=[], warn=[], silence=[])', 'version_check': 'True', 'printer_width': '80', 'fail_fast': 'False', 'introspect': 'True', 'send_anonymous_usage_stats': 'True', 'use_experimental_parser': 'False', 'log_path': 'logs', 'indirect_selection': 'eager', 'debug': 'False', 'static_parser': 'True', 'use_colors': 'True', 'partial_parse': 'True'}
[0m23:12:52.041485 [error] [MainThread]: Encountered an error:
Runtime Error
  No dbt_project.yml found at expected path /Users/snehasingh/Desktop/airflow-docker/dbt/dbt_project.yml
  Verify that each entry within packages.yml (and their transitive dependencies) contains a file named dbt_project.yml
  
[0m23:12:52.042906 [debug] [MainThread]: Resource report: {"command_name": "clean", "command_success": false, "command_wall_clock_time": 0.03370279, "process_in_blocks": "0", "process_kernel_time": 0.106784, "process_mem_max_rss": "112050176", "process_out_blocks": "0", "process_user_time": 0.46422}
[0m23:12:52.043100 [debug] [MainThread]: Command `dbt clean` failed at 23:12:52.043063 after 0.03 seconds
[0m23:12:52.043222 [debug] [MainThread]: Sending event: {'category': 'dbt', 'action': 'invocation', 'label': 'end', 'context': [<snowplow_tracker.self_describing_json.SelfDescribingJson object at 0x10567c9d0>, <snowplow_tracker.self_describing_json.SelfDescribingJson object at 0x105656330>, <snowplow_tracker.self_describing_json.SelfDescribingJson object at 0x1054a69c0>]}
[0m23:12:52.043343 [debug] [MainThread]: Flushing usage events
[0m23:12:52.482255 [debug] [MainThread]: An error was encountered while trying to flush usage events
[0m23:14:00.276910 [debug] [MainThread]: Sending event: {'category': 'dbt', 'action': 'invocation', 'label': 'start', 'context': [<snowplow_tracker.self_describing_json.SelfDescribingJson object at 0x104076900>, <snowplow_tracker.self_describing_json.SelfDescribingJson object at 0x1054db9d0>, <snowplow_tracker.self_describing_json.SelfDescribingJson object at 0x1054dbc50>]}


============================== 23:14:00.279305 | 8afc5ba1-8fd8-4f55-9a03-6326c5fe1d22 ==============================
[0m23:14:00.279305 [info ] [MainThread]: Running with dbt=1.11.0-b3
[0m23:14:00.279574 [debug] [MainThread]: running dbt with arguments {'send_anonymous_usage_stats': 'True', 'invocation_command': 'dbt clean', 'quiet': 'False', 'no_print': 'None', 'warn_error_options': 'WarnErrorOptionsV2(error=[], warn=[], silence=[])', 'log_format': 'default', 'indirect_selection': 'eager', 'log_cache_events': 'False', 'empty': 'None', 'write_json': 'True', 'partial_parse': 'True', 'static_parser': 'True', 'fail_fast': 'False', 'target_path': 'None', 'cache_selected_only': 'False', 'use_experimental_parser': 'False', 'introspect': 'True', 'profiles_dir': '/Users/snehasingh/Desktop/airflow-docker/dbt', 'printer_width': '80', 'warn_error': 'None', 'log_path': 'logs', 'use_colors': 'True', 'version_check': 'True', 'debug': 'False'}
[0m23:14:00.279911 [error] [MainThread]: Encountered an error:
Runtime Error
  No dbt_project.yml found at expected path /Users/snehasingh/Desktop/airflow-docker/dbt/dbt_project.yml
  Verify that each entry within packages.yml (and their transitive dependencies) contains a file named dbt_project.yml
  
[0m23:14:00.281352 [debug] [MainThread]: Resource report: {"command_name": "clean", "command_success": false, "command_wall_clock_time": 0.030747041, "process_in_blocks": "0", "process_kernel_time": 0.105841, "process_mem_max_rss": "113262592", "process_out_blocks": "0", "process_user_time": 0.469172}
[0m23:14:00.281510 [debug] [MainThread]: Command `dbt clean` failed at 23:14:00.281475 after 0.03 seconds
[0m23:14:00.281637 [debug] [MainThread]: Sending event: {'category': 'dbt', 'action': 'invocation', 'label': 'end', 'context': [<snowplow_tracker.self_describing_json.SelfDescribingJson object at 0x1055389d0>, <snowplow_tracker.self_describing_json.SelfDescribingJson object at 0x10550e330>, <snowplow_tracker.self_describing_json.SelfDescribingJson object at 0x10535e9c0>]}
[0m23:14:00.281757 [debug] [MainThread]: Flushing usage events
[0m23:14:00.649669 [debug] [MainThread]: An error was encountered while trying to flush usage events
[0m23:15:51.289816 [debug] [MainThread]: Sending event: {'category': 'dbt', 'action': 'invocation', 'label': 'start', 'context': [<snowplow_tracker.self_describing_json.SelfDescribingJson object at 0x104626900>, <snowplow_tracker.self_describing_json.SelfDescribingJson object at 0x105aa79d0>, <snowplow_tracker.self_describing_json.SelfDescribingJson object at 0x105aa7c50>]}


============================== 23:15:51.292310 | 37194fe9-884e-4705-8016-6f2f62630e56 ==============================
[0m23:15:51.292310 [info ] [MainThread]: Running with dbt=1.11.0-b3
[0m23:15:51.292570 [debug] [MainThread]: running dbt with arguments {'invocation_command': 'dbt debug', 'warn_error_options': 'WarnErrorOptionsV2(error=[], warn=[], silence=[])', 'log_path': 'logs', 'no_print': 'None', 'debug': 'False', 'version_check': 'True', 'printer_width': '80', 'introspect': 'True', 'indirect_selection': 'eager', 'send_anonymous_usage_stats': 'True', 'log_format': 'default', 'target_path': 'None', 'cache_selected_only': 'False', 'write_json': 'True', 'fail_fast': 'False', 'profiles_dir': '/Users/snehasingh/Desktop/airflow-docker/dbt', 'use_experimental_parser': 'False', 'empty': 'None', 'partial_parse': 'True', 'static_parser': 'True', 'use_colors': 'True', 'quiet': 'False', 'log_cache_events': 'False', 'warn_error': 'None'}
[0m23:15:51.301102 [info ] [MainThread]: dbt version: 1.11.0-b3
[0m23:15:51.301324 [info ] [MainThread]: python version: 3.13.5
[0m23:15:51.301437 [info ] [MainThread]: python path: /opt/anaconda3/bin/python3.13
[0m23:15:51.301532 [info ] [MainThread]: os info: macOS-15.6.1-arm64-arm-64bit-Mach-O
[0m23:15:51.303652 [error] [MainThread]: Encountered an error:
Parsing Error
  Env var required but not provided: 'DBT_ACCOUNT'
[0m23:15:51.305158 [debug] [MainThread]: Resource report: {"command_name": "debug", "command_success": false, "command_wall_clock_time": 0.041976918, "process_in_blocks": "0", "process_kernel_time": 0.093326, "process_mem_max_rss": "113475584", "process_out_blocks": "0", "process_user_time": 0.469359}
[0m23:15:51.305313 [debug] [MainThread]: Command `dbt debug` failed at 23:15:51.305278 after 0.04 seconds
[0m23:15:51.305430 [debug] [MainThread]: Sending event: {'category': 'dbt', 'action': 'invocation', 'label': 'end', 'context': [<snowplow_tracker.self_describing_json.SelfDescribingJson object at 0x105b06520>, <snowplow_tracker.self_describing_json.SelfDescribingJson object at 0x105b56e70>, <snowplow_tracker.self_describing_json.SelfDescribingJson object at 0x105b597b0>]}
[0m23:15:51.305563 [debug] [MainThread]: Flushing usage events
[0m23:15:51.697232 [debug] [MainThread]: An error was encountered while trying to flush usage events
[0m23:17:01.668098 [debug] [MainThread]: Sending event: {'category': 'dbt', 'action': 'invocation', 'label': 'start', 'context': [<snowplow_tracker.self_describing_json.SelfDescribingJson object at 0x10878e900>, <snowplow_tracker.self_describing_json.SelfDescribingJson object at 0x10c02f9d0>, <snowplow_tracker.self_describing_json.SelfDescribingJson object at 0x10c02fc50>]}


============================== 23:17:01.670435 | 39d13f97-ae48-47ea-b811-e7ec15e4ee88 ==============================
[0m23:17:01.670435 [info ] [MainThread]: Running with dbt=1.11.0-b3
[0m23:17:01.670676 [debug] [MainThread]: running dbt with arguments {'use_experimental_parser': 'False', 'profiles_dir': '/Users/snehasingh/Desktop/airflow-docker/dbt', 'warn_error': 'None', 'indirect_selection': 'eager', 'log_cache_events': 'False', 'log_path': 'logs', 'printer_width': '80', 'partial_parse': 'True', 'version_check': 'True', 'no_print': 'None', 'quiet': 'False', 'write_json': 'True', 'introspect': 'True', 'log_format': 'default', 'fail_fast': 'False', 'static_parser': 'True', 'cache_selected_only': 'False', 'warn_error_options': 'WarnErrorOptionsV2(error=[], warn=[], silence=[])', 'send_anonymous_usage_stats': 'True', 'debug': 'False', 'use_colors': 'True', 'invocation_command': 'dbt debug', 'target_path': 'None', 'empty': 'None'}
[0m23:17:01.678622 [info ] [MainThread]: dbt version: 1.11.0-b3
[0m23:17:01.678808 [info ] [MainThread]: python version: 3.13.5
[0m23:17:01.678913 [info ] [MainThread]: python path: /opt/anaconda3/bin/python3.13
[0m23:17:01.679139 [info ] [MainThread]: os info: macOS-15.6.1-arm64-arm-64bit-Mach-O
[0m23:17:01.681342 [error] [MainThread]: Encountered an error:
Parsing Error
  Env var required but not provided: 'DBT_ACCOUNT'
[0m23:17:01.682799 [debug] [MainThread]: Resource report: {"command_name": "debug", "command_success": false, "command_wall_clock_time": 0.039483126, "process_in_blocks": "0", "process_kernel_time": 0.104051, "process_mem_max_rss": "114114560", "process_out_blocks": "0", "process_user_time": 0.485184}
[0m23:17:01.682948 [debug] [MainThread]: Command `dbt debug` failed at 23:17:01.682911 after 0.04 seconds
[0m23:17:01.683064 [debug] [MainThread]: Sending event: {'category': 'dbt', 'action': 'invocation', 'label': 'end', 'context': [<snowplow_tracker.self_describing_json.SelfDescribingJson object at 0x10c08e520>, <snowplow_tracker.self_describing_json.SelfDescribingJson object at 0x10c0dee70>, <snowplow_tracker.self_describing_json.SelfDescribingJson object at 0x10c0e17b0>]}
[0m23:17:01.683190 [debug] [MainThread]: Flushing usage events
[0m23:17:02.041139 [debug] [MainThread]: An error was encountered while trying to flush usage events
[0m23:31:32.328967 [debug] [MainThread]: Sending event: {'category': 'dbt', 'action': 'invocation', 'label': 'start', 'context': [<snowplow_tracker.self_describing_json.SelfDescribingJson object at 0x10679e900>, <snowplow_tracker.self_describing_json.SelfDescribingJson object at 0x107d2f9d0>, <snowplow_tracker.self_describing_json.SelfDescribingJson object at 0x107d2fc50>]}


============================== 23:31:32.331336 | 9667bd3d-b54d-4808-b433-8617c8f9af79 ==============================
[0m23:31:32.331336 [info ] [MainThread]: Running with dbt=1.11.0-b3
[0m23:31:32.331603 [debug] [MainThread]: running dbt with arguments {'introspect': 'True', 'cache_selected_only': 'False', 'quiet': 'False', 'printer_width': '80', 'static_parser': 'True', 'no_print': 'None', 'write_json': 'True', 'warn_error_options': 'WarnErrorOptionsV2(error=[], warn=[], silence=[])', 'target_path': 'None', 'partial_parse': 'True', 'empty': 'None', 'profiles_dir': '/Users/snehasingh/Desktop/airflow-docker/dbt', 'indirect_selection': 'eager', 'log_format': 'default', 'version_check': 'True', 'send_anonymous_usage_stats': 'True', 'invocation_command': 'dbt debug', 'use_experimental_parser': 'False', 'fail_fast': 'False', 'log_cache_events': 'False', 'warn_error': 'None', 'log_path': 'logs', 'use_colors': 'True', 'debug': 'False'}
[0m23:31:32.339271 [info ] [MainThread]: dbt version: 1.11.0-b3
[0m23:31:32.339435 [info ] [MainThread]: python version: 3.13.5
[0m23:31:32.339539 [info ] [MainThread]: python path: /opt/anaconda3/bin/python3.13
[0m23:31:32.339636 [info ] [MainThread]: os info: macOS-15.6.1-arm64-arm-64bit-Mach-O
[0m23:31:33.053723 [debug] [MainThread]: Snowflake adapter: Setting snowflake.connector to ERROR (file logging only)
[0m23:31:33.053948 [debug] [MainThread]: Snowflake adapter: Setting botocore to ERROR (file logging only)
[0m23:31:33.054059 [debug] [MainThread]: Snowflake adapter: Setting boto3 to ERROR (file logging only)
[0m23:31:33.077255 [info ] [MainThread]: Using profiles dir at /Users/snehasingh/Desktop/airflow-docker/dbt
[0m23:31:33.077446 [info ] [MainThread]: Using profiles.yml file at /Users/snehasingh/Desktop/airflow-docker/dbt/profiles.yml
[0m23:31:33.077573 [info ] [MainThread]: Using dbt_project.yml file at /Users/snehasingh/Desktop/airflow-docker/dbt/dbt_project.yml
[0m23:31:33.077792 [info ] [MainThread]: adapter type: snowflake
[0m23:31:33.077892 [info ] [MainThread]: adapter version: 1.11.0rc1
[0m23:31:33.077993 [info ] [MainThread]: Configuration:
[0m23:31:33.078078 [info ] [MainThread]:   profiles.yml file [[32mOK found and valid[0m]
[0m23:31:33.078162 [info ] [MainThread]:   dbt_project.yml file [[31mERROR not found[0m]
[0m23:31:33.078242 [info ] [MainThread]: Required dependencies:
[0m23:31:33.078357 [debug] [MainThread]: Executing "git --help"
[0m23:31:33.100741 [debug] [MainThread]: STDOUT: "b"usage: git [-v | --version] [-h | --help] [-C <path>] [-c <name>=<value>]\n           [--exec-path[=<path>]] [--html-path] [--man-path] [--info-path]\n           [-p | --paginate | -P | --no-pager] [--no-replace-objects] [--bare]\n           [--git-dir=<path>] [--work-tree=<path>] [--namespace=<name>]\n           [--super-prefix=<path>] [--config-env=<name>=<envvar>]\n           <command> [<args>]\n\nThese are common Git commands used in various situations:\n\nstart a working area (see also: git help tutorial)\n   clone     Clone a repository into a new directory\n   init      Create an empty Git repository or reinitialize an existing one\n\nwork on the current change (see also: git help everyday)\n   add       Add file contents to the index\n   mv        Move or rename a file, a directory, or a symlink\n   restore   Restore working tree files\n   rm        Remove files from the working tree and from the index\n\nexamine the history and state (see also: git help revisions)\n   bisect    Use binary search to find the commit that introduced a bug\n   diff      Show changes between commits, commit and working tree, etc\n   grep      Print lines matching a pattern\n   log       Show commit logs\n   show      Show various types of objects\n   status    Show the working tree status\n\ngrow, mark and tweak your common history\n   branch    List, create, or delete branches\n   commit    Record changes to the repository\n   merge     Join two or more development histories together\n   rebase    Reapply commits on top of another base tip\n   reset     Reset current HEAD to the specified state\n   switch    Switch branches\n   tag       Create, list, delete or verify a tag object signed with GPG\n\ncollaborate (see also: git help workflows)\n   fetch     Download objects and refs from another repository\n   pull      Fetch from and integrate with another repository or a local branch\n   push      Update remote refs along with associated objects\n\n'git help -a' and 'git help -g' list available subcommands and some\nconcept guides. See 'git help <command>' or 'git help <concept>'\nto read about a specific subcommand or concept.\nSee 'git help git' for an overview of the system.\n""
[0m23:31:33.101139 [debug] [MainThread]: STDERR: "b''"
[0m23:31:33.101259 [info ] [MainThread]:  - git [[32mOK found[0m]

[0m23:31:33.101376 [info ] [MainThread]: Connection:
[0m23:31:33.101499 [info ] [MainThread]:   account: SFEDU02-LVB17920
[0m23:31:33.101592 [info ] [MainThread]:   user: PEACOCK
[0m23:31:33.101676 [info ] [MainThread]:   database: USER_DB_PEACOCK
[0m23:31:33.101762 [info ] [MainThread]:   warehouse: PEACOCK_QUERY_WH
[0m23:31:33.101841 [info ] [MainThread]:   role: TRAINING_ROLE
[0m23:31:33.101923 [info ] [MainThread]:   schema: analytics
[0m23:31:33.102004 [info ] [MainThread]:   authenticator: None
[0m23:31:33.102082 [info ] [MainThread]:   oauth_client_id: None
[0m23:31:33.102160 [info ] [MainThread]:   query_tag: None
[0m23:31:33.102241 [info ] [MainThread]:   client_session_keep_alive: False
[0m23:31:33.102321 [info ] [MainThread]:   host: None
[0m23:31:33.102400 [info ] [MainThread]:   port: None
[0m23:31:33.102477 [info ] [MainThread]:   proxy_host: None
[0m23:31:33.102561 [info ] [MainThread]:   proxy_port: None
[0m23:31:33.102636 [info ] [MainThread]:   protocol: None
[0m23:31:33.102715 [info ] [MainThread]:   connect_retries: 1
[0m23:31:33.102799 [info ] [MainThread]:   connect_timeout: None
[0m23:31:33.102880 [info ] [MainThread]:   retry_on_database_errors: False
[0m23:31:33.102960 [info ] [MainThread]:   retry_all: False
[0m23:31:33.103036 [info ] [MainThread]:   insecure_mode: False
[0m23:31:33.103113 [info ] [MainThread]:   reuse_connections: True
[0m23:31:33.103193 [info ] [MainThread]:   s3_stage_vpce_dns_name: None
[0m23:31:33.103274 [info ] [MainThread]:   platform_detection_timeout_seconds: 0.0
[0m23:31:33.103536 [info ] [MainThread]: Registered adapter: snowflake=1.11.0-rc1
[0m23:31:33.146433 [debug] [MainThread]: Acquiring new snowflake connection 'debug'
[0m23:31:33.195841 [debug] [MainThread]: Using snowflake connection "debug"
[0m23:31:33.196027 [debug] [MainThread]: On debug: select 1 as id
[0m23:31:33.196127 [debug] [MainThread]: Opening a new connection, currently in state init
[0m23:31:34.187860 [debug] [MainThread]: SQL status: SUCCESS 1 in 0.991 seconds
[0m23:31:34.189654 [info ] [MainThread]:   Connection test: [[32mOK connection ok[0m]

[0m23:31:34.190131 [info ] [MainThread]: [31m1 check failed:[0m
[0m23:31:34.190443 [info ] [MainThread]: Project loading failed for the following reason:
 project path </Users/snehasingh/Desktop/airflow-docker/dbt/dbt_project.yml> not found

[0m23:31:34.197082 [debug] [MainThread]: Resource report: {"command_name": "debug", "command_success": false, "command_wall_clock_time": 1.8938884, "process_in_blocks": "0", "process_kernel_time": 0.700538, "process_mem_max_rss": "218251264", "process_out_blocks": "0", "process_user_time": 2.936648}
[0m23:31:34.197724 [debug] [MainThread]: Command `dbt debug` failed at 23:31:34.197514 after 1.89 seconds
[0m23:31:34.198182 [debug] [MainThread]: Connection 'debug' was left open.
[0m23:31:34.198492 [debug] [MainThread]: On debug: Close
[0m23:31:34.854226 [debug] [MainThread]: Sending event: {'category': 'dbt', 'action': 'invocation', 'label': 'end', 'context': [<snowplow_tracker.self_describing_json.SelfDescribingJson object at 0x137b6f820>, <snowplow_tracker.self_describing_json.SelfDescribingJson object at 0x137ca3bf0>, <snowplow_tracker.self_describing_json.SelfDescribingJson object at 0x137a4b680>]}
[0m23:31:34.855007 [debug] [MainThread]: Flushing usage events
[0m23:31:35.265887 [debug] [MainThread]: An error was encountered while trying to flush usage events
